<?xml version="1.0" encoding="UTF-8"?>
<testng-results skipped="0" failed="1" total="4" passed="3">
  <reporter-output>
  </reporter-output>
  <suite name="Suite" duration-ms="86076" started-at="2017-06-23T11:39:04Z" finished-at="2017-06-23T11:40:30Z">
    <groups>
    </groups>
    <test name="Kontackt_form" duration-ms="86076" started-at="2017-06-23T11:39:04Z" finished-at="2017-06-23T11:40:30Z">
      <class name="testCases.KontaktPageTest">
        <test-method status="PASS" signature="initializeTestBaseSetup(java.lang.reflect.Method)[pri:0, instance:testCases.KontaktPageTest@5d5eef3d]" name="initializeTestBaseSetup" is-config="true" duration-ms="21787" started-at="2017-06-23T17:09:06Z" finished-at="2017-06-23T17:09:27Z">
          <params>
            <param index="0">
              <value>
                <![CDATA[public void testCases.KontaktPageTest.formfillUp(java.lang.String,java.lang.String,java.lang.String,java.lang.String,java.lang.String) throws java.lang.InterruptedException]]>
              </value>
            </param>
          </params>
          <reporter-output>
          </reporter-output>
        </test-method> <!-- initializeTestBaseSetup -->
        <test-method status="PASS" signature="formfillUp(java.lang.String, java.lang.String, java.lang.String, java.lang.String, java.lang.String)[pri:0, instance:testCases.KontaktPageTest@5d5eef3d]" name="formfillUp" duration-ms="6413" started-at="2017-06-23T17:09:27Z" data-provider="logindata" finished-at="2017-06-23T17:09:34Z">
          <params>
            <param index="0">
              <value>
                <![CDATA[ishan]]>
              </value>
            </param>
            <param index="1">
              <value>
                <![CDATA[mittal]]>
              </value>
            </param>
            <param index="2">
              <value>
                <![CDATA[ishanmittal@webvirtue.com]]>
              </value>
            </param>
            <param index="3">
              <value>
                <![CDATA[test data from sheet]]>
              </value>
            </param>
            <param index="4">
              <value>
                <![CDATA[No Error, Form submitted Succesfully]]>
              </value>
            </param>
          </params>
          <reporter-output>
          </reporter-output>
        </test-method> <!-- formfillUp -->
        <test-method status="PASS" signature="afterEachTestMethod(org.testng.ITestResult)[pri:0, instance:testCases.KontaktPageTest@5d5eef3d]" name="afterEachTestMethod" is-config="true" duration-ms="2359" started-at="2017-06-23T17:09:34Z" finished-at="2017-06-23T17:09:36Z">
          <params>
            <param index="0">
              <value>
                <![CDATA[[TestResult name=formfillUp status=SUCCESS method=KontaktPageTest.formfillUp(java.lang.String, java.lang.String, java.lang.String, java.lang.String, java.lang.String)[pri:0, instance:testCases.KontaktPageTest@5d5eef3d] output={null}]]]>
              </value>
            </param>
          </params>
          <reporter-output>
          </reporter-output>
        </test-method> <!-- afterEachTestMethod -->
        <test-method status="PASS" signature="initializeTestBaseSetup(java.lang.reflect.Method)[pri:0, instance:testCases.KontaktPageTest@5d5eef3d]" name="initializeTestBaseSetup" is-config="true" duration-ms="11645" started-at="2017-06-23T17:09:36Z" finished-at="2017-06-23T17:09:48Z">
          <params>
            <param index="0">
              <value>
                <![CDATA[public void testCases.KontaktPageTest.formfillUp(java.lang.String,java.lang.String,java.lang.String,java.lang.String,java.lang.String) throws java.lang.InterruptedException]]>
              </value>
            </param>
          </params>
          <reporter-output>
          </reporter-output>
        </test-method> <!-- initializeTestBaseSetup -->
        <test-method status="PASS" signature="closebrowser()[pri:0, instance:testCases.KontaktPageTest@5d5eef3d]" name="closebrowser" is-config="true" duration-ms="0" started-at="2017-06-23T17:09:36Z" finished-at="2017-06-23T17:09:36Z">
          <reporter-output>
          </reporter-output>
        </test-method> <!-- closebrowser -->
        <test-method status="FAIL" signature="formfillUp(java.lang.String, java.lang.String, java.lang.String, java.lang.String, java.lang.String)[pri:0, instance:testCases.KontaktPageTest@5d5eef3d]" name="formfillUp" duration-ms="6032" started-at="2017-06-23T17:09:48Z" data-provider="logindata" finished-at="2017-06-23T17:09:54Z">
          <params>
            <param index="0">
              <value>
                <![CDATA[Kuldip]]>
              </value>
            </param>
            <param index="1">
              <value>
                <![CDATA[kumar]]>
              </value>
            </param>
            <param index="2">
              <value>
                <![CDATA[kuldip@@gmail.com]]>
              </value>
            </param>
            <param index="3">
              <value>
                <![CDATA[test data from sheet]]>
              </value>
            </param>
            <param index="4">
              <value>
                <![CDATA[Please enter correct email id]]>
              </value>
            </param>
          </params>
          <exception class="java.lang.AssertionError">
            <message>
              <![CDATA[Please enter correct email id expected [Die Nachricht wurde erfolgreich übermittelt.] but found [Bitte geben Sie eine gültige E-Mail-Adresse ein.]]]>
            </message>
            <full-stacktrace>
              <![CDATA[java.lang.AssertionError: Please enter correct email id expected [Die Nachricht wurde erfolgreich übermittelt.] but found [Bitte geben Sie eine gültige E-Mail-Adresse ein.]
	at org.testng.Assert.fail(Assert.java:94)
	at org.testng.Assert.failNotEquals(Assert.java:494)
	at org.testng.Assert.assertEquals(Assert.java:123)
	at org.testng.Assert.assertEquals(Assert.java:176)
	at pageObjects.KontaktPage.formvalidation(KontaktPage.java:82)
	at pageObjects.KontaktPage.formSubmit(KontaktPage.java:61)
	at testCases.KontaktPageTest.formfillUp(KontaktPageTest.java:41)
	at sun.reflect.NativeMethodAccessorImpl.invoke0(Native Method)
	at sun.reflect.NativeMethodAccessorImpl.invoke(NativeMethodAccessorImpl.java:62)
	at sun.reflect.DelegatingMethodAccessorImpl.invoke(DelegatingMethodAccessorImpl.java:43)
	at java.lang.reflect.Method.invoke(Method.java:498)
	at org.testng.internal.MethodInvocationHelper.invokeMethod(MethodInvocationHelper.java:84)
	at org.testng.internal.Invoker.invokeMethod(Invoker.java:714)
	at org.testng.internal.Invoker.invokeTestMethod(Invoker.java:901)
	at org.testng.internal.Invoker.invokeTestMethods(Invoker.java:1231)
	at org.testng.internal.TestMethodWorker.invokeTestMethods(TestMethodWorker.java:127)
	at org.testng.internal.TestMethodWorker.run(TestMethodWorker.java:111)
	at org.testng.TestRunner.privateRun(TestRunner.java:767)
	at org.testng.TestRunner.run(TestRunner.java:617)
	at org.testng.SuiteRunner.runTest(SuiteRunner.java:334)
	at org.testng.SuiteRunner.runSequentially(SuiteRunner.java:329)
	at org.testng.SuiteRunner.privateRun(SuiteRunner.java:291)
	at org.testng.SuiteRunner.run(SuiteRunner.java:240)
	at org.testng.SuiteRunnerWorker.runSuite(SuiteRunnerWorker.java:52)
	at org.testng.SuiteRunnerWorker.run(SuiteRunnerWorker.java:86)
	at org.testng.TestNG.runSuitesSequentially(TestNG.java:1224)
	at org.testng.TestNG.runSuitesLocally(TestNG.java:1149)
	at org.testng.TestNG.run(TestNG.java:1057)
	at org.testng.remote.AbstractRemoteTestNG.run(AbstractRemoteTestNG.java:132)
	at org.testng.remote.RemoteTestNG.initAndRun(RemoteTestNG.java:230)
	at org.testng.remote.RemoteTestNG.main(RemoteTestNG.java:76)
]]>
            </full-stacktrace>
          </exception> <!-- java.lang.AssertionError -->
          <reporter-output>
          </reporter-output>
        </test-method> <!-- formfillUp -->
        <test-method status="PASS" signature="afterEachTestMethod(org.testng.ITestResult)[pri:0, instance:testCases.KontaktPageTest@5d5eef3d]" name="afterEachTestMethod" is-config="true" duration-ms="2345" started-at="2017-06-23T17:09:54Z" finished-at="2017-06-23T17:09:56Z">
          <params>
            <param index="0">
              <value>
                <![CDATA[[TestResult name=formfillUp status=FAILURE method=KontaktPageTest.formfillUp(java.lang.String, java.lang.String, java.lang.String, java.lang.String, java.lang.String)[pri:0, instance:testCases.KontaktPageTest@5d5eef3d] output={null}]]]>
              </value>
            </param>
          </params>
          <reporter-output>
          </reporter-output>
        </test-method> <!-- afterEachTestMethod -->
        <test-method status="PASS" signature="closebrowser()[pri:0, instance:testCases.KontaktPageTest@5d5eef3d]" name="closebrowser" is-config="true" duration-ms="0" started-at="2017-06-23T17:09:56Z" finished-at="2017-06-23T17:09:56Z">
          <reporter-output>
          </reporter-output>
        </test-method> <!-- closebrowser -->
        <test-method status="PASS" signature="initializeTestBaseSetup(java.lang.reflect.Method)[pri:0, instance:testCases.KontaktPageTest@5d5eef3d]" name="initializeTestBaseSetup" is-config="true" duration-ms="11105" started-at="2017-06-23T17:09:56Z" finished-at="2017-06-23T17:10:07Z">
          <params>
            <param index="0">
              <value>
                <![CDATA[public void testCases.KontaktPageTest.formfillUp(java.lang.String,java.lang.String,java.lang.String,java.lang.String,java.lang.String) throws java.lang.InterruptedException]]>
              </value>
            </param>
          </params>
          <reporter-output>
          </reporter-output>
        </test-method> <!-- initializeTestBaseSetup -->
        <test-method status="PASS" signature="formfillUp(java.lang.String, java.lang.String, java.lang.String, java.lang.String, java.lang.String)[pri:0, instance:testCases.KontaktPageTest@5d5eef3d]" name="formfillUp" duration-ms="6026" started-at="2017-06-23T17:10:07Z" data-provider="logindata" finished-at="2017-06-23T17:10:13Z">
          <params>
            <param index="0">
              <value>
                <![CDATA[ishan@kumar]]>
              </value>
            </param>
            <param index="1">
              <value>
                <![CDATA[mittal]]>
              </value>
            </param>
            <param index="2">
              <value>
                <![CDATA[ishanmittal@webvirtue.com]]>
              </value>
            </param>
            <param index="3">
              <value>
                <![CDATA[test data from sheet]]>
              </value>
            </param>
            <param index="4">
              <value>
                <![CDATA[username should contain alphabets only]]>
              </value>
            </param>
          </params>
          <reporter-output>
          </reporter-output>
        </test-method> <!-- formfillUp -->
        <test-method status="PASS" signature="afterEachTestMethod(org.testng.ITestResult)[pri:0, instance:testCases.KontaktPageTest@5d5eef3d]" name="afterEachTestMethod" is-config="true" duration-ms="767" started-at="2017-06-23T17:10:13Z" finished-at="2017-06-23T17:10:14Z">
          <params>
            <param index="0">
              <value>
                <![CDATA[[TestResult name=formfillUp status=SUCCESS method=KontaktPageTest.formfillUp(java.lang.String, java.lang.String, java.lang.String, java.lang.String, java.lang.String)[pri:0, instance:testCases.KontaktPageTest@5d5eef3d] output={null}]]]>
              </value>
            </param>
          </params>
          <reporter-output>
          </reporter-output>
        </test-method> <!-- afterEachTestMethod -->
        <test-method status="PASS" signature="initializeTestBaseSetup(java.lang.reflect.Method)[pri:0, instance:testCases.KontaktPageTest@5d5eef3d]" name="initializeTestBaseSetup" is-config="true" duration-ms="8897" started-at="2017-06-23T17:10:14Z" finished-at="2017-06-23T17:10:23Z">
          <params>
            <param index="0">
              <value>
                <![CDATA[public void testCases.KontaktPageTest.formfillUp(java.lang.String,java.lang.String,java.lang.String,java.lang.String,java.lang.String) throws java.lang.InterruptedException]]>
              </value>
            </param>
          </params>
          <reporter-output>
          </reporter-output>
        </test-method> <!-- initializeTestBaseSetup -->
        <test-method status="PASS" signature="closebrowser()[pri:0, instance:testCases.KontaktPageTest@5d5eef3d]" name="closebrowser" is-config="true" duration-ms="0" started-at="2017-06-23T17:10:14Z" finished-at="2017-06-23T17:10:14Z">
          <reporter-output>
          </reporter-output>
        </test-method> <!-- closebrowser -->
        <test-method status="PASS" signature="formfillUp(java.lang.String, java.lang.String, java.lang.String, java.lang.String, java.lang.String)[pri:0, instance:testCases.KontaktPageTest@5d5eef3d]" name="formfillUp" duration-ms="6066" started-at="2017-06-23T17:10:23Z" data-provider="logindata" finished-at="2017-06-23T17:10:29Z">
          <params>
            <param index="0">
              <value>
                <![CDATA[ishan kumar]]>
              </value>
            </param>
            <param index="1">
              <value>
                <![CDATA[mittal]]>
              </value>
            </param>
            <param index="2">
              <value>
                <![CDATA[ishanmittal@webvirtue.com]]>
              </value>
            </param>
            <param index="3">
              <value>
                <![CDATA[test data from sheet]]>
              </value>
            </param>
            <param index="4">
              <value>
                <![CDATA[space is username should contain alphabets only]]>
              </value>
            </param>
          </params>
          <reporter-output>
          </reporter-output>
        </test-method> <!-- formfillUp -->
        <test-method status="PASS" signature="afterEachTestMethod(org.testng.ITestResult)[pri:0, instance:testCases.KontaktPageTest@5d5eef3d]" name="afterEachTestMethod" is-config="true" duration-ms="751" started-at="2017-06-23T17:10:29Z" finished-at="2017-06-23T17:10:30Z">
          <params>
            <param index="0">
              <value>
                <![CDATA[[TestResult name=formfillUp status=SUCCESS method=KontaktPageTest.formfillUp(java.lang.String, java.lang.String, java.lang.String, java.lang.String, java.lang.String)[pri:0, instance:testCases.KontaktPageTest@5d5eef3d] output={null}]]]>
              </value>
            </param>
          </params>
          <reporter-output>
          </reporter-output>
        </test-method> <!-- afterEachTestMethod -->
        <test-method status="PASS" signature="closebrowser()[pri:0, instance:testCases.KontaktPageTest@5d5eef3d]" name="closebrowser" is-config="true" duration-ms="1" started-at="2017-06-23T17:10:30Z" finished-at="2017-06-23T17:10:30Z">
          <reporter-output>
          </reporter-output>
        </test-method> <!-- closebrowser -->
      </class> <!-- testCases.KontaktPageTest -->
      <class name="utility.Base">
        <test-method status="PASS" signature="extentSetup(org.testng.ITestContext)[pri:0, instance:utility.Base@32d992b2]" name="extentSetup" is-config="true" duration-ms="948" started-at="2017-06-23T17:09:03Z" finished-at="2017-06-23T17:09:04Z">
          <params>
            <param index="0">
              <value>
                <![CDATA[org.testng.TestRunner@226f885f]]>
              </value>
            </param>
          </params>
          <reporter-output>
          </reporter-output>
        </test-method> <!-- extentSetup -->
        <test-method status="PASS" signature="generateReport()[pri:0, instance:utility.Base@32d992b2]" name="generateReport" is-config="true" duration-ms="38" started-at="2017-06-23T17:10:30Z" finished-at="2017-06-23T17:10:30Z">
          <reporter-output>
          </reporter-output>
        </test-method> <!-- generateReport -->
      </class> <!-- utility.Base -->
    </test> <!-- Kontackt_form -->
  </suite> <!-- Suite -->
</testng-results>
